Watching for file changes with StatReloader
[11/Dec/2025 17:58:40] "GET / HTTP/1.1" 200 14307
[11/Dec/2025 17:59:52] "GET /builds/ HTTP/1.1" 302 0
Not Found: /build/preview/81/
[11/Dec/2025 18:00:12] "GET /build/preview/81/ HTTP/1.1" 404 3636
[11/Dec/2025 18:04:06] "GET / HTTP/1.1" 200 14307
[11/Dec/2025 18:04:06] "GET /static/css/style.css HTTP/1.1" 200 32312
[11/Dec/2025 18:04:06] "GET /static/images/chat-icon.webp HTTP/1.1" 200 80426
[11/Dec/2025 18:04:06] "GET /static/js/script.js HTTP/1.1" 200 9548
[11/Dec/2025 18:04:06] "GET /static/images/hero2.webp HTTP/1.1" 200 48614
[11/Dec/2025 18:04:06] "GET /static/images/PCBM-header.webp HTTP/1.1" 200 9938
[11/Dec/2025 18:04:06] "GET /static/js/pages/home.js HTTP/1.1" 200 7484
Not Found: /favicon.ico
[11/Dec/2025 18:04:06] "GET /favicon.ico HTTP/1.1" 404 7103
[11/Dec/2025 18:04:12] "GET / HTTP/1.1" 200 14307
[11/Dec/2025 18:04:12] "GET /static/images/PCBM-header.webp HTTP/1.1" 200 9938
[11/Dec/2025 18:04:12] "GET /static/js/pages/home.js HTTP/1.1" 200 7484
[11/Dec/2025 18:04:12] "GET /static/css/style.css HTTP/1.1" 200 32312
[11/Dec/2025 18:04:12] "GET /static/images/chat-icon.webp HTTP/1.1" 200 80426
[11/Dec/2025 18:04:12] "GET /static/js/script.js HTTP/1.1" 200 9548
[11/Dec/2025 18:04:12] "GET /static/images/hero2.webp HTTP/1.1" 200 48614
Not Found: /favicon.ico
[11/Dec/2025 18:04:12] "GET /favicon.ico HTTP/1.1" 404 7103
[11/Dec/2025 18:05:40] "GET / HTTP/1.1" 200 14307
[11/Dec/2025 18:05:40] "GET /static/css/style.css HTTP/1.1" 304 0
[11/Dec/2025 18:05:40] "GET /static/js/pages/home.js HTTP/1.1" 304 0
[11/Dec/2025 18:07:34] "GET / HTTP/1.1" 200 14380
[11/Dec/2025 18:10:41] "GET / HTTP/1.1" 200 14373
[11/Dec/2025 18:24:30] "GET / HTTP/1.1" 200 14355
[11/Dec/2025 18:29:27] "GET / HTTP/1.1" 200 14355
[11/Dec/2025 18:29:30] "GET / HTTP/1.1" 200 14355
[11/Dec/2025 18:29:30] "GET /static/js/pages/home.js HTTP/1.1" 200 7484
[11/Dec/2025 18:29:30] "GET /static/css/style.css HTTP/1.1" 200 32312
[11/Dec/2025 18:29:30] "GET /static/images/PCBM-header.webp HTTP/1.1" 200 9938
[11/Dec/2025 18:29:30] "GET /static/images/chat-icon.webp HTTP/1.1" 200 80426
[11/Dec/2025 18:29:30] "GET /static/js/script.js HTTP/1.1" 200 9548
[11/Dec/2025 18:29:30] "GET /static/images/hero2.webp HTTP/1.1" 200 48614
Not Found: /favicon.ico
[11/Dec/2025 18:29:31] "GET /favicon.ico HTTP/1.1" 404 7103
[11/Dec/2025 18:29:32] "GET / HTTP/1.1" 200 14355
[11/Dec/2025 18:29:32] "GET /static/css/style.css HTTP/1.1" 200 32312
[11/Dec/2025 18:29:32] "GET /static/js/pages/home.js HTTP/1.1" 200 7484
[11/Dec/2025 18:29:32] "GET /static/images/PCBM-header.webp HTTP/1.1" 200 9938
[11/Dec/2025 18:29:32] "GET /static/images/chat-icon.webp HTTP/1.1" 200 80426
[11/Dec/2025 18:29:32] "GET /static/js/script.js HTTP/1.1" 200 9548
[11/Dec/2025 18:29:32] "GET /static/images/hero2.webp HTTP/1.1" 200 48614
Not Found: /favicon.ico
[11/Dec/2025 18:29:32] "GET /favicon.ico HTTP/1.1" 404 7103
[11/Dec/2025 18:30:51] "GET /build/upgrade/ HTTP/1.1" 200 269025
[11/Dec/2025 18:30:52] "GET /static/js/pages/upgrade_calculator.js HTTP/1.1" 200 17168
Not Found: /.well-known/appspecific/com.chrome.devtools.json
[11/Dec/2025 18:30:54] "GET /.well-known/appspecific/com.chrome.devtools.json HTTP/1.1" 404 7214
[11/Dec/2025 18:33:38] "GET /builds/ HTTP/1.1" 302 0
[11/Dec/2025 18:33:39] "GET /accounts/login/?next=/builds/ HTTP/1.1" 200 7247
[11/Dec/2025 18:33:39] "GET /static/css/style.css HTTP/1.1" 304 0
[11/Dec/2025 18:33:44] "POST /accounts/login/ HTTP/1.1" 302 0
[11/Dec/2025 18:33:46] "GET /builds/ HTTP/1.1" 200 24396
[11/Dec/2025 18:33:46] "GET /static/js/pages/builds.js HTTP/1.1" 200 428
[11/Dec/2025 18:33:49] "GET /builds/ HTTP/1.1" 200 24077
[11/Dec/2025 18:34:55] "GET /build/preview/ HTTP/1.1" 200 30782
[11/Dec/2025 18:34:55] "GET /static/js/pages/build_preview.js HTTP/1.1" 200 866
[11/Dec/2025 18:36:24] "GET /builds/ HTTP/1.1" 200 24077
[11/Dec/2025 18:36:27] "GET /build/81/edit/ HTTP/1.1" 200 850267
[11/Dec/2025 18:36:27] "GET /static/js/pages/edit_build.js HTTP/1.1" 200 16298
Not Found: /.well-known/appspecific/com.chrome.devtools.json
[11/Dec/2025 18:36:33] "GET /.well-known/appspecific/com.chrome.devtools.json HTTP/1.1" 404 7214
[11/Dec/2025 18:46:26] "GET / HTTP/1.1" 200 14355
[11/Dec/2025 18:46:27] "GET /build/upgrade/ HTTP/1.1" 200 269025
Internal Server Error: /build/preview/
Traceback (most recent call last):
  File "C:\Users\Cleve\Documents\vs-projects\PCBuildMate\.venv\Lib\site-packages\django\template\base.py", line 891, in _resolve_lookup
    current = current[bit]
              ~~~~~~~^^^^^
  File "C:\Users\Cleve\Documents\vs-projects\PCBuildMate\.venv\Lib\site-packages\django\template\context.py", line 88, in __getitem__
    raise KeyError(key)
KeyError: 'currency'

During handling of the above exception, another exception occurred:

Traceback (most recent call last):
  File "C:\Users\Cleve\Documents\vs-projects\PCBuildMate\.venv\Lib\site-packages\django\template\base.py", line 897, in _resolve_lookup
    if isinstance(current, BaseContext) and getattr(
                                            ~~~~~~~^
        type(current), bit
        ^^^^^^^^^^^^^^^^^^
    ):
    ^
AttributeError: type object 'RequestContext' has no attribute 'currency'

During handling of the above exception, another exception occurred:

Traceback (most recent call last):
  File "C:\Users\Cleve\Documents\vs-projects\PCBuildMate\.venv\Lib\site-packages\django\template\base.py", line 907, in _resolve_lookup
    current = current[int(bit)]
                      ~~~^^^^^
ValueError: invalid literal for int() with base 10: 'currency'

During handling of the above exception, another exception occurred:

Traceback (most recent call last):
  File "C:\Users\Cleve\Documents\vs-projects\PCBuildMate\.venv\Lib\site-packages\django\core\handlers\exception.py", line 55, in inner
    response = get_response(request)
  File "C:\Users\Cleve\Documents\vs-projects\PCBuildMate\.venv\Lib\site-packages\django\core\handlers\base.py", line 197, in _get_response
    response = wrapped_callback(request, *callback_args, **callback_kwargs)
  File "C:\Users\Cleve\Documents\vs-projects\PCBuildMate\calculator\views.py", line 251, in build_preview
    return render(request, "calculator/build_preview.html", {
        "error": "No build data found. Please calculate again."
    })
  File "C:\Users\Cleve\Documents\vs-projects\PCBuildMate\.venv\Lib\site-packages\django\shortcuts.py", line 25, in render
    content = loader.render_to_string(template_name, context, request, using=using)
  File "C:\Users\Cleve\Documents\vs-projects\PCBuildMate\.venv\Lib\site-packages\django\template\loader.py", line 62, in render_to_string
    return template.render(context, request)
           ~~~~~~~~~~~~~~~^^^^^^^^^^^^^^^^^^
  File "C:\Users\Cleve\Documents\vs-projects\PCBuildMate\.venv\Lib\site-packages\django\template\backends\django.py", line 107, in render
    return self.template.render(context)
           ~~~~~~~~~~~~~~~~~~~~^^^^^^^^^
  File "C:\Users\Cleve\Documents\vs-projects\PCBuildMate\.venv\Lib\site-packages\django\template\base.py", line 171, in render
    return self._render(context)
           ~~~~~~~~~~~~^^^^^^^^^
  File "C:\Users\Cleve\Documents\vs-projects\PCBuildMate\.venv\Lib\site-packages\django\template\base.py", line 163, in _render
    return self.nodelist.render(context)
           ~~~~~~~~~~~~~~~~~~~~^^^^^^^^^
  File "C:\Users\Cleve\Documents\vs-projects\PCBuildMate\.venv\Lib\site-packages\django\template\base.py", line 1016, in render
    return SafeString("".join([node.render_annotated(context) for node in self]))
                               ~~~~~~~~~~~~~~~~~~~~~^^^^^^^^^
  File "C:\Users\Cleve\Documents\vs-projects\PCBuildMate\.venv\Lib\site-packages\django\template\base.py", line 977, in render_annotated
    return self.render(context)
           ~~~~~~~~~~~^^^^^^^^^
  File "C:\Users\Cleve\Documents\vs-projects\PCBuildMate\.venv\Lib\site-packages\django\template\loader_tags.py", line 159, in render
    return compiled_parent._render(context)
           ~~~~~~~~~~~~~~~~~~~~~~~^^^^^^^^^
  File "C:\Users\Cleve\Documents\vs-projects\PCBuildMate\.venv\Lib\site-packages\django\template\base.py", line 163, in _render
    return self.nodelist.render(context)
           ~~~~~~~~~~~~~~~~~~~~^^^^^^^^^
  File "C:\Users\Cleve\Documents\vs-projects\PCBuildMate\.venv\Lib\site-packages\django\template\base.py", line 1016, in render
    return SafeString("".join([node.render_annotated(context) for node in self]))
                               ~~~~~~~~~~~~~~~~~~~~~^^^^^^^^^
  File "C:\Users\Cleve\Documents\vs-projects\PCBuildMate\.venv\Lib\site-packages\django\template\base.py", line 977, in render_annotated
    return self.render(context)
           ~~~~~~~~~~~^^^^^^^^^
  File "C:\Users\Cleve\Documents\vs-projects\PCBuildMate\.venv\Lib\site-packages\django\template\loader_tags.py", line 65, in render
    result = block.nodelist.render(context)
  File "C:\Users\Cleve\Documents\vs-projects\PCBuildMate\.venv\Lib\site-packages\django\template\base.py", line 1016, in render
    return SafeString("".join([node.render_annotated(context) for node in self]))
                               ~~~~~~~~~~~~~~~~~~~~~^^^^^^^^^
  File "C:\Users\Cleve\Documents\vs-projects\PCBuildMate\.venv\Lib\site-packages\django\template\base.py", line 977, in render_annotated
    return self.render(context)
           ~~~~~~~~~~~^^^^^^^^^
  File "C:\Users\Cleve\Documents\vs-projects\PCBuildMate\.venv\Lib\site-packages\django\template\base.py", line 1075, in render
    output = self.filter_expression.resolve(context)
  File "C:\Users\Cleve\Documents\vs-projects\PCBuildMate\.venv\Lib\site-packages\django\template\base.py", line 743, in resolve
    arg_vals.append(arg.resolve(context))
                    ~~~~~~~~~~~^^^^^^^^^
  File "C:\Users\Cleve\Documents\vs-projects\PCBuildMate\.venv\Lib\site-packages\django\template\base.py", line 854, in resolve
    value = self._resolve_lookup(context)
  File "C:\Users\Cleve\Documents\vs-projects\PCBuildMate\.venv\Lib\site-packages\django\template\base.py", line 914, in _resolve_lookup
    raise VariableDoesNotExist(
    ^^^^^^^^^^^^^^^^^^^^^^^^^^^
    ...<2 lines>...
    )  # missing attribute
    ^
django.template.base.VariableDoesNotExist: Failed lookup for key [currency] in [{'True': True, 'False': False, 'None': None}, {}, {}, {'error': 'No build data found. Please calculate again.'}]
[11/Dec/2025 18:46:27] "GET /build/preview/ HTTP/1.1" 500 201707
[11/Dec/2025 18:46:27] "GET /build/upgrade_preview/ HTTP/1.1" 302 0
[11/Dec/2025 18:46:28] "GET /build/upgrade/ HTTP/1.1" 200 269025
[11/Dec/2025 18:46:28] "GET /build/preview/alternatives/ HTTP/1.1" 302 0
Internal Server Error: /build/preview/
Traceback (most recent call last):
  File "C:\Users\Cleve\Documents\vs-projects\PCBuildMate\.venv\Lib\site-packages\django\template\base.py", line 891, in _resolve_lookup
    current = current[bit]
              ~~~~~~~^^^^^
  File "C:\Users\Cleve\Documents\vs-projects\PCBuildMate\.venv\Lib\site-packages\django\template\context.py", line 88, in __getitem__
    raise KeyError(key)
KeyError: 'currency'

During handling of the above exception, another exception occurred:

Traceback (most recent call last):
  File "C:\Users\Cleve\Documents\vs-projects\PCBuildMate\.venv\Lib\site-packages\django\template\base.py", line 897, in _resolve_lookup
    if isinstance(current, BaseContext) and getattr(
                                            ~~~~~~~^
        type(current), bit
        ^^^^^^^^^^^^^^^^^^
    ):
    ^
AttributeError: type object 'RequestContext' has no attribute 'currency'

During handling of the above exception, another exception occurred:

Traceback (most recent call last):
  File "C:\Users\Cleve\Documents\vs-projects\PCBuildMate\.venv\Lib\site-packages\django\template\base.py", line 907, in _resolve_lookup
    current = current[int(bit)]
                      ~~~^^^^^
ValueError: invalid literal for int() with base 10: 'currency'

During handling of the above exception, another exception occurred:

Traceback (most recent call last):
  File "C:\Users\Cleve\Documents\vs-projects\PCBuildMate\.venv\Lib\site-packages\django\core\handlers\exception.py", line 55, in inner
    response = get_response(request)
  File "C:\Users\Cleve\Documents\vs-projects\PCBuildMate\.venv\Lib\site-packages\django\core\handlers\base.py", line 197, in _get_response
    response = wrapped_callback(request, *callback_args, **callback_kwargs)
  File "C:\Users\Cleve\Documents\vs-projects\PCBuildMate\calculator\views.py", line 251, in build_preview
    return render(request, "calculator/build_preview.html", {
        "error": "No build data found. Please calculate again."
    })
  File "C:\Users\Cleve\Documents\vs-projects\PCBuildMate\.venv\Lib\site-packages\django\shortcuts.py", line 25, in render
    content = loader.render_to_string(template_name, context, request, using=using)
  File "C:\Users\Cleve\Documents\vs-projects\PCBuildMate\.venv\Lib\site-packages\django\template\loader.py", line 62, in render_to_string
    return template.render(context, request)
           ~~~~~~~~~~~~~~~^^^^^^^^^^^^^^^^^^
  File "C:\Users\Cleve\Documents\vs-projects\PCBuildMate\.venv\Lib\site-packages\django\template\backends\django.py", line 107, in render
    return self.template.render(context)
           ~~~~~~~~~~~~~~~~~~~~^^^^^^^^^
  File "C:\Users\Cleve\Documents\vs-projects\PCBuildMate\.venv\Lib\site-packages\django\template\base.py", line 171, in render
    return self._render(context)
           ~~~~~~~~~~~~^^^^^^^^^
  File "C:\Users\Cleve\Documents\vs-projects\PCBuildMate\.venv\Lib\site-packages\django\template\base.py", line 163, in _render
    return self.nodelist.render(context)
           ~~~~~~~~~~~~~~~~~~~~^^^^^^^^^
  File "C:\Users\Cleve\Documents\vs-projects\PCBuildMate\.venv\Lib\site-packages\django\template\base.py", line 1016, in render
    return SafeString("".join([node.render_annotated(context) for node in self]))
                               ~~~~~~~~~~~~~~~~~~~~~^^^^^^^^^
  File "C:\Users\Cleve\Documents\vs-projects\PCBuildMate\.venv\Lib\site-packages\django\template\base.py", line 977, in render_annotated
    return self.render(context)
           ~~~~~~~~~~~^^^^^^^^^
  File "C:\Users\Cleve\Documents\vs-projects\PCBuildMate\.venv\Lib\site-packages\django\template\loader_tags.py", line 159, in render
    return compiled_parent._render(context)
           ~~~~~~~~~~~~~~~~~~~~~~~^^^^^^^^^
  File "C:\Users\Cleve\Documents\vs-projects\PCBuildMate\.venv\Lib\site-packages\django\template\base.py", line 163, in _render
    return self.nodelist.render(context)
           ~~~~~~~~~~~~~~~~~~~~^^^^^^^^^
  File "C:\Users\Cleve\Documents\vs-projects\PCBuildMate\.venv\Lib\site-packages\django\template\base.py", line 1016, in render
    return SafeString("".join([node.render_annotated(context) for node in self]))
                               ~~~~~~~~~~~~~~~~~~~~~^^^^^^^^^
  File "C:\Users\Cleve\Documents\vs-projects\PCBuildMate\.venv\Lib\site-packages\django\template\base.py", line 977, in render_annotated
    return self.render(context)
           ~~~~~~~~~~~^^^^^^^^^
  File "C:\Users\Cleve\Documents\vs-projects\PCBuildMate\.venv\Lib\site-packages\django\template\loader_tags.py", line 65, in render
    result = block.nodelist.render(context)
  File "C:\Users\Cleve\Documents\vs-projects\PCBuildMate\.venv\Lib\site-packages\django\template\base.py", line 1016, in render
    return SafeString("".join([node.render_annotated(context) for node in self]))
                               ~~~~~~~~~~~~~~~~~~~~~^^^^^^^^^
  File "C:\Users\Cleve\Documents\vs-projects\PCBuildMate\.venv\Lib\site-packages\django\template\base.py", line 977, in render_annotated
    return self.render(context)
           ~~~~~~~~~~~^^^^^^^^^
  File "C:\Users\Cleve\Documents\vs-projects\PCBuildMate\.venv\Lib\site-packages\django\template\base.py", line 1075, in render
    output = self.filter_expression.resolve(context)
  File "C:\Users\Cleve\Documents\vs-projects\PCBuildMate\.venv\Lib\site-packages\django\template\base.py", line 743, in resolve
    arg_vals.append(arg.resolve(context))
                    ~~~~~~~~~~~^^^^^^^^^
  File "C:\Users\Cleve\Documents\vs-projects\PCBuildMate\.venv\Lib\site-packages\django\template\base.py", line 854, in resolve
    value = self._resolve_lookup(context)
  File "C:\Users\Cleve\Documents\vs-projects\PCBuildMate\.venv\Lib\site-packages\django\template\base.py", line 914, in _resolve_lookup
    raise VariableDoesNotExist(
    ^^^^^^^^^^^^^^^^^^^^^^^^^^^
    ...<2 lines>...
    )  # missing attribute
    ^
django.template.base.VariableDoesNotExist: Failed lookup for key [currency] in [{'True': True, 'False': False, 'None': None}, {}, {}, {'error': 'No build data found. Please calculate again.'}]
[11/Dec/2025 18:46:28] "GET /build/preview/ HTTP/1.1" 500 201707
[11/Dec/2025 18:46:28] "GET /builds/ HTTP/1.1" 302 0
[11/Dec/2025 18:46:28] "GET /accounts/login/?next=/builds/ HTTP/1.1" 200 7247
